2025-09-25T12:00:00Z [INFO] nginx: request started 127.0.0.1 GET /
2025-09-25T12:00:01Z [INFO] app: handling GET /
2025-09-25T12:00:02Z [WARN] app: slow query detected 612ms
2025-09-25T12:00:05Z [ERROR] app: Failed to parse request body
2025-09-25T12:00:06Z [ERROR] app: Failed to parse request body
2025-09-25T12:00:07Z [ERROR] app: Failed to parse request body
2025-09-25T12:00:10Z [INFO] app: 200 OK /
2025-09-25T12:05:00Z [WARN] nginx: upstream timing out
2025-09-25T12:05:05Z [ERROR] app: Timeout while calling downstream service
2025-09-25T12:05:30Z [INFO] app: retry succeeded
2025-09-25T12:06:00Z [ERROR] app: Unauthorized
2025-09-25T12:06:10Z [ERROR] app: Unauthorized
2025-09-25T12:07:00Z [INFO] app: user session created id=abc123
2025-09-25T12:08:00Z [WARN] app: cache stampede detected
2025-09-25T12:08:10Z [ERROR] app: Database connection failed
2025-09-25T12:08:11Z [ERROR] app: Database connection failed
2025-09-25T12:08:12Z [ERROR] app: Database connection failed
2025-09-25T12:10:00Z [INFO] nginx: request started 127.0.0.1 GET /api/items
2025-09-25T12:10:01Z [INFO] app: handling GET /api/items
2025-09-25T12:10:03Z [INFO] app: 200 OK /api/items count=12
2025-09-25T12:12:00Z [WARN] app: deprecated endpoint /v1/items used
2025-09-25T12:12:05Z [ERROR] app: Failed to parse request body
2025-09-25T12:12:06Z [ERROR] app: Failed to parse request body
2025-09-25T12:12:07Z [INFO] app: 400 Bad Request /api/items